TN:
SF:src/domain/entity/address.ts
FN:19,get street
FN:23,get number
FN:27,get city
FN:31,get state
FN:35,get zip
FN:39,validate
FN:54,toString
FN:9,Address
FNF:8
FNH:7
FNDA:6,get street
FNDA:6,get number
FNDA:6,get city
FNDA:6,get state
FNDA:6,get zip
FNDA:1,validate
FNDA:0,toString
FNDA:1,Address
DA:1,1
DA:2,1
DA:3,1
DA:4,1
DA:5,1
DA:6,1
DA:7,1
DA:8,1
DA:9,1
DA:10,1
DA:11,1
DA:12,1
DA:13,1
DA:14,1
DA:15,1
DA:16,1
DA:17,1
DA:18,1
DA:19,1
DA:20,6
DA:21,6
DA:22,1
DA:23,1
DA:24,6
DA:25,6
DA:26,1
DA:27,1
DA:28,6
DA:29,6
DA:30,1
DA:31,1
DA:32,6
DA:33,6
DA:34,1
DA:35,1
DA:36,6
DA:37,6
DA:38,1
DA:39,1
DA:40,1
DA:41,0
DA:42,0
DA:43,1
DA:44,0
DA:45,0
DA:46,1
DA:47,0
DA:48,0
DA:49,1
DA:50,0
DA:51,0
DA:52,1
DA:53,1
DA:54,1
DA:55,0
DA:56,0
DA:57,1
LF:57
LH:47
BRDA:19,0,0,6
BRDA:23,1,0,6
BRDA:27,2,0,6
BRDA:31,3,0,6
BRDA:35,4,0,6
BRDA:39,5,0,1
BRDA:40,6,0,0
BRDA:43,7,0,0
BRDA:46,8,0,0
BRDA:49,9,0,0
BRDA:9,10,0,1
BRF:11
BRH:7
end_of_record
TN:
SF:src/domain/entity/customer.ts
FN:18,get id
FN:22,get name
FN:26,get isActive
FN:30,get rewardPoints
FN:34,get Address
FN:38,changeName
FN:45,changeAddress
FN:52,activate
FN:59,validate
FN:68,deactivate
FN:72,addRewardPoints
FN:11,Customer
FNF:12
FNH:12
FNDA:1,get id
FNDA:1,get name
FNDA:2,get isActive
FNDA:3,get rewardPoints
FNDA:30,get Address
FNDA:1,changeName
FNDA:2,changeAddress
FNDA:3,activate
FNDA:11,validate
FNDA:1,deactivate
FNDA:4,addRewardPoints
FNDA:11,Customer
DA:1,1
DA:2,1
DA:3,1
DA:4,1
DA:5,1
DA:6,1
DA:7,1
DA:8,1
DA:9,1
DA:10,1
DA:11,1
DA:12,11
DA:13,11
DA:14,11
DA:15,11
DA:16,11
DA:17,1
DA:18,1
DA:19,1
DA:20,1
DA:21,1
DA:22,1
DA:23,1
DA:24,1
DA:25,1
DA:26,1
DA:27,2
DA:28,2
DA:29,1
DA:30,1
DA:31,3
DA:32,3
DA:33,1
DA:34,1
DA:35,30
DA:36,30
DA:37,1
DA:38,1
DA:39,1
DA:40,0
DA:41,0
DA:42,1
DA:43,1
DA:44,1
DA:45,1
DA:46,2
DA:47,1
DA:48,1
DA:49,1
DA:50,1
DA:51,1
DA:52,1
DA:53,3
DA:54,2
DA:55,2
DA:56,1
DA:57,1
DA:58,1
DA:59,1
DA:60,11
DA:61,1
DA:62,1
DA:63,11
DA:64,1
DA:65,1
DA:66,11
DA:67,1
DA:68,1
DA:69,1
DA:70,1
DA:71,1
DA:72,1
DA:73,4
DA:74,1
DA:75,1
DA:76,3
DA:77,3
DA:78,1
LF:78
LH:76
BRDA:18,0,0,1
BRDA:22,1,0,1
BRDA:26,2,0,2
BRDA:30,3,0,3
BRDA:34,4,0,30
BRDA:38,5,0,1
BRDA:39,6,0,0
BRDA:45,7,0,2
BRDA:46,8,0,1
BRDA:52,9,0,3
BRDA:53,10,0,2
BRDA:55,11,0,1
BRDA:59,12,0,11
BRDA:60,13,0,1
BRDA:62,14,0,10
BRDA:63,15,0,1
BRDA:68,16,0,1
BRDA:72,17,0,4
BRDA:73,18,0,1
BRDA:75,19,0,3
BRDA:11,20,0,11
BRF:21
BRH:20
end_of_record
TN:
SF:src/domain/entity/order.ts
FN:19,get id
FN:22,get customerId
FN:25,get items
FN:29,total
FN:34,validate
FN:10,Order
FNF:6
FNH:6
FNDA:29,get id
FNDA:6,get customerId
FNDA:7,get items
FNDA:21,total
FNDA:10,validate
FNDA:10,Order
DA:1,1
DA:2,1
DA:3,1
DA:4,1
DA:5,1
DA:6,1
DA:7,1
DA:8,1
DA:9,1
DA:10,1
DA:11,10
DA:12,10
DA:13,10
DA:14,10
DA:15,10
DA:16,10
DA:17,10
DA:18,1
DA:19,1
DA:20,29
DA:21,29
DA:22,1
DA:23,6
DA:24,6
DA:25,1
DA:26,7
DA:27,7
DA:28,1
DA:29,1
DA:30,21
DA:31,21
DA:32,21
DA:33,1
DA:34,1
DA:35,10
DA:36,0
DA:37,0
DA:38,10
DA:39,0
DA:40,0
DA:41,10
DA:42,0
DA:43,0
DA:44,10
DA:45,0
DA:46,0
DA:47,10
DA:48,10
DA:49,1
LF:49
LH:41
BRDA:19,0,0,29
BRDA:22,1,0,6
BRDA:25,2,0,7
BRDA:29,3,0,21
BRDA:31,4,0,24
BRDA:34,5,0,10
BRDA:35,6,0,0
BRDA:38,7,0,0
BRDA:41,8,0,0
BRDA:44,9,0,0
BRDA:44,10,0,11
BRDA:10,11,0,10
BRF:12
BRH:8
end_of_record
TN:
SF:src/domain/entity/order_item.ts
FN:19,get id
FN:23,get name
FN:27,get price
FN:31,get quantity
FN:35,get productId
FN:39,orderItemTotal
FN:43,validade
FN:9,OrderItem
FNF:8
FNH:8
FNDA:13,get id
FNDA:13,get name
FNDA:13,get price
FNDA:24,get quantity
FNDA:8,get productId
FNDA:24,orderItemTotal
FNDA:10,validade
FNDA:10,OrderItem
DA:1,1
DA:2,1
DA:3,1
DA:4,1
DA:5,1
DA:6,1
DA:7,1
DA:8,1
DA:9,1
DA:10,10
DA:11,10
DA:12,10
DA:13,10
DA:14,10
DA:15,10
DA:16,10
DA:17,10
DA:18,1
DA:19,1
DA:20,13
DA:21,13
DA:22,1
DA:23,1
DA:24,13
DA:25,13
DA:26,1
DA:27,1
DA:28,13
DA:29,13
DA:30,1
DA:31,1
DA:32,24
DA:33,24
DA:34,1
DA:35,1
DA:36,8
DA:37,8
DA:38,1
DA:39,1
DA:40,24
DA:41,24
DA:42,1
DA:43,1
DA:44,10
DA:45,0
DA:46,0
DA:47,10
DA:48,0
DA:49,0
DA:50,10
DA:51,0
DA:52,0
DA:53,10
DA:54,0
DA:55,0
DA:56,10
DA:57,0
DA:58,0
DA:59,10
DA:60,10
DA:61,1
LF:61
LH:51
BRDA:19,0,0,13
BRDA:23,1,0,13
BRDA:27,2,0,13
BRDA:31,3,0,24
BRDA:35,4,0,8
BRDA:39,5,0,24
BRDA:43,6,0,10
BRDA:44,7,0,0
BRDA:47,8,0,0
BRDA:50,9,0,0
BRDA:53,10,0,0
BRDA:56,11,0,0
BRDA:9,12,0,10
BRF:13
BRH:8
end_of_record
TN:
SF:src/domain/entity/product.ts
FN:16,get id
FN:20,get name
FN:24,get price
FN:28,changeName
FN:33,changePrice
FN:38,validate
FN:8,Product
FNF:7
FNH:7
FNDA:19,get id
FNDA:15,get name
FNDA:22,get price
FNDA:1,changeName
FNDA:1,changePrice
FNDA:7,validate
FNDA:7,Product
DA:1,1
DA:2,1
DA:3,1
DA:4,1
DA:5,1
DA:6,1
DA:7,1
DA:8,1
DA:9,7
DA:10,7
DA:11,7
DA:12,7
DA:13,7
DA:14,7
DA:15,1
DA:16,1
DA:17,19
DA:18,19
DA:19,1
DA:20,1
DA:21,15
DA:22,15
DA:23,1
DA:24,1
DA:25,22
DA:26,22
DA:27,1
DA:28,1
DA:29,1
DA:30,1
DA:31,1
DA:32,1
DA:33,1
DA:34,1
DA:35,1
DA:36,1
DA:37,1
DA:38,1
DA:39,7
DA:40,0
DA:41,0
DA:42,7
DA:43,0
DA:44,0
DA:45,7
DA:46,0
DA:47,0
DA:48,7
DA:49,7
DA:50,7
DA:51,1
DA:52,1
LF:52
LH:46
BRDA:16,0,0,19
BRDA:20,1,0,15
BRDA:24,2,0,22
BRDA:28,3,0,1
BRDA:33,4,0,1
BRDA:38,5,0,7
BRDA:39,6,0,0
BRDA:42,7,0,0
BRDA:45,8,0,0
BRDA:8,9,0,7
BRF:10
BRH:7
end_of_record
TN:
SF:src/domain/service/order.service.ts
FN:8,total
FN:12,placeOrder
FNF:2
FNH:2
FNDA:1,total
FNDA:1,placeOrder
DA:1,1
DA:2,1
DA:3,1
DA:4,1
DA:5,1
DA:6,1
DA:7,1
DA:8,1
DA:9,1
DA:10,1
DA:11,1
DA:12,1
DA:13,1
DA:14,0
DA:15,0
DA:16,1
DA:17,1
DA:18,0
DA:19,0
DA:20,1
DA:21,1
DA:22,1
DA:23,1
DA:24,1
LF:24
LH:20
BRDA:8,0,0,1
BRDA:9,1,0,2
BRDA:12,2,0,1
BRDA:13,3,0,0
BRDA:17,4,0,0
BRF:5
BRH:3
end_of_record
TN:
SF:src/domain/service/product.service.ts
FN:5,increasePrice
FNF:1
FNH:1
FNDA:1,increasePrice
DA:1,1
DA:2,1
DA:3,1
DA:4,1
DA:5,1
DA:6,1
DA:7,2
DA:8,2
DA:9,1
DA:10,1
LF:10
LH:10
BRDA:5,0,0,1
BRDA:6,1,0,2
BRF:2
BRH:2
end_of_record
TN:
SF:src/infra/db/sequelize/model/customer.model.ts
FNF:0
FNH:0
DA:1,1
DA:2,1
DA:3,1
DA:4,1
DA:5,1
DA:6,1
DA:7,1
DA:8,1
DA:9,1
DA:10,1
DA:11,1
DA:12,1
DA:13,1
DA:14,1
DA:15,1
DA:16,1
DA:17,1
DA:18,1
DA:19,1
DA:20,1
DA:21,1
DA:22,1
DA:23,1
DA:24,1
DA:25,1
DA:26,1
DA:27,1
DA:28,1
DA:29,1
DA:30,1
DA:31,1
DA:32,1
DA:33,1
DA:34,1
DA:35,1
DA:36,1
LF:36
LH:36
BRF:0
BRH:0
end_of_record
TN:
SF:src/infra/db/sequelize/model/order.model.ts
FNF:0
FNH:0
DA:1,1
DA:2,1
DA:3,1
DA:4,1
DA:5,1
DA:6,1
DA:7,1
DA:8,1
DA:9,1
DA:10,1
DA:11,1
DA:12,1
DA:13,1
DA:14,1
DA:15,1
DA:16,1
DA:17,1
DA:18,1
DA:19,1
DA:20,1
DA:21,1
DA:22,1
DA:23,1
DA:24,1
DA:25,1
DA:26,1
DA:27,1
LF:27
LH:27
BRDA:20,0,0,0
BRDA:15,1,0,6
BRDA:19,2,0,12
BRDA:25,3,0,12
BRF:4
BRH:3
end_of_record
TN:
SF:src/infra/db/sequelize/model/order_item.model.ts
FNF:0
FNH:0
DA:1,1
DA:2,1
DA:3,1
DA:4,1
DA:5,1
DA:6,1
DA:7,1
DA:8,1
DA:9,1
DA:10,1
DA:11,1
DA:12,1
DA:13,1
DA:14,1
DA:15,1
DA:16,1
DA:17,1
DA:18,1
DA:19,1
DA:20,1
DA:21,1
DA:22,1
DA:23,1
DA:24,1
DA:25,1
DA:26,1
DA:27,1
DA:28,1
DA:29,1
DA:30,1
DA:31,1
DA:32,1
DA:33,1
DA:34,1
DA:35,1
DA:36,1
DA:37,1
DA:38,1
DA:39,1
DA:40,1
DA:41,1
DA:42,1
DA:43,1
DA:44,1
LF:44
LH:44
BRDA:27,0,0,0
BRDA:34,1,0,0
BRDA:22,2,0,30
BRDA:26,3,0,12
BRDA:29,4,0,12
BRDA:33,5,0,12
BRF:6
BRH:4
end_of_record
TN:
SF:src/infra/db/sequelize/model/product.model.ts
FNF:0
FNH:0
DA:1,1
DA:2,1
DA:3,1
DA:4,1
DA:5,1
DA:6,1
DA:7,1
DA:8,1
DA:9,1
DA:10,1
DA:11,1
DA:12,1
DA:13,1
DA:14,1
DA:15,1
DA:16,1
DA:17,1
DA:18,1
LF:18
LH:18
BRF:0
BRH:0
end_of_record
TN:
SF:src/infra/repository/costumer.repository.ts
FN:8,create
FN:22,update
FN:39,find
FN:65,findAll
FNF:4
FNH:4
FNDA:6,create
FNDA:1,update
FNDA:2,find
FNDA:1,findAll
DA:1,1
DA:2,1
DA:3,1
DA:4,1
DA:5,1
DA:6,1
DA:7,1
DA:8,1
DA:9,6
DA:10,6
DA:11,6
DA:12,6
DA:13,6
DA:14,6
DA:15,6
DA:16,6
DA:17,6
DA:18,6
DA:19,6
DA:20,6
DA:21,1
DA:22,1
DA:23,1
DA:24,1
DA:25,1
DA:26,1
DA:27,1
DA:28,1
DA:29,1
DA:30,1
DA:31,1
DA:32,1
DA:33,1
DA:34,1
DA:35,1
DA:36,1
DA:37,1
DA:38,1
DA:39,1
DA:40,2
DA:41,2
DA:42,2
DA:43,2
DA:44,2
DA:45,2
DA:46,2
DA:47,2
DA:48,2
DA:49,1
DA:50,1
DA:51,1
DA:52,1
DA:53,1
DA:54,1
DA:55,1
DA:56,1
DA:57,1
DA:58,1
DA:59,1
DA:60,1
DA:61,1
DA:62,1
DA:63,1
DA:64,1
DA:65,1
DA:66,1
DA:67,1
DA:68,2
DA:69,2
DA:70,2
DA:71,2
DA:72,2
DA:73,2
DA:74,2
DA:75,2
DA:76,2
DA:77,2
DA:78,2
DA:79,2
DA:80,2
DA:81,2
DA:82,1
DA:83,1
LF:83
LH:83
BRDA:8,0,0,6
BRDA:22,1,0,1
BRDA:39,2,0,2
BRDA:48,3,0,1
BRDA:65,4,0,1
BRDA:67,5,0,2
BRF:6
BRH:6
end_of_record
TN:
SF:src/infra/repository/order.repository.ts
FN:10,create
FN:29,update
FN:52,find
FN:77,findAll
FNF:4
FNH:4
FNDA:6,create
FNDA:1,update
FNDA:2,find
FNDA:1,findAll
DA:1,1
DA:2,1
DA:3,1
DA:4,1
DA:5,1
DA:6,1
DA:7,1
DA:8,1
DA:9,1
DA:10,1
DA:11,6
DA:12,6
DA:13,6
DA:14,6
DA:15,6
DA:16,6
DA:17,6
DA:18,6
DA:19,6
DA:20,6
DA:21,6
DA:22,6
DA:23,6
DA:24,6
DA:25,6
DA:26,6
DA:27,6
DA:28,1
DA:29,1
DA:30,1
DA:31,1
DA:32,1
DA:33,1
DA:34,1
DA:35,1
DA:36,1
DA:37,2
DA:38,2
DA:39,2
DA:40,2
DA:41,2
DA:42,2
DA:43,2
DA:44,1
DA:45,1
DA:46,1
DA:47,1
DA:48,1
DA:49,1
DA:50,1
DA:51,1
DA:52,1
DA:53,2
DA:54,2
DA:55,2
DA:56,1
DA:57,1
DA:58,1
DA:59,1
DA:60,1
DA:61,1
DA:62,1
DA:63,1
DA:64,1
DA:65,1
DA:66,1
DA:67,1
DA:68,1
DA:69,1
DA:70,1
DA:71,1
DA:72,1
DA:73,1
DA:74,1
DA:75,1
DA:76,1
DA:77,1
DA:78,1
DA:79,1
DA:80,2
DA:81,2
DA:82,2
DA:83,2
DA:84,2
DA:85,2
DA:86,2
DA:87,2
DA:88,2
DA:89,2
DA:90,2
DA:91,2
DA:92,2
DA:93,2
DA:94,2
DA:95,2
DA:96,2
DA:97,1
DA:98,1
DA:99,1
LF:99
LH:99
BRDA:10,0,0,6
BRDA:15,1,0,6
BRDA:29,2,0,1
BRDA:31,3,0,1
BRDA:36,4,0,2
BRDA:52,5,0,2
BRDA:55,6,0,1
BRDA:60,7,0,1
BRDA:77,8,0,1
BRDA:79,9,0,2
BRDA:81,10,0,2
BRF:11
BRH:11
end_of_record
TN:
SF:src/infra/repository/product.repository.ts
FN:7,create
FN:15,update
FN:26,find
FN:32,findAll
FNF:4
FNH:4
FNDA:7,create
FNDA:1,update
FNDA:1,find
FNDA:1,findAll
DA:1,1
DA:2,1
DA:3,1
DA:4,1
DA:5,1
DA:6,1
DA:7,1
DA:8,7
DA:9,7
DA:10,7
DA:11,7
DA:12,7
DA:13,7
DA:14,1
DA:15,1
DA:16,1
DA:17,1
DA:18,1
DA:19,1
DA:20,1
DA:21,1
DA:22,1
DA:23,1
DA:24,1
DA:25,1
DA:26,1
DA:27,1
DA:28,1
DA:29,1
DA:30,1
DA:31,1
DA:32,1
DA:33,1
DA:34,1
DA:35,1
DA:36,2
DA:37,2
DA:38,1
DA:39,1
DA:40,1
LF:40
LH:40
BRDA:7,0,0,7
BRDA:15,1,0,1
BRDA:26,2,0,1
BRDA:32,3,0,1
BRDA:35,4,0,2
BRF:5
BRH:5
end_of_record
